

Version:	3.12
CmdLine:	E:\Documents\Semester 2\Java OOP\Project\TechnoSpace\dist\run.exe --l4j-debug
WOW64:		yes
Working dir:	E:\Documents\Semester 2\Java OOP\Project\TechnoSpace\dist\.
Java min ver:	1.004.000
Java max ver:	
Bundled JRE:	C:\Program Files\Java\jdk1.8.0_231\bin
Check launcher:	C:\Program Files\Java\jdk1.8.0_231\bin\bin\javaw.exe (not found)
64-bit search:	SOFTWARE\JavaSoft\Java Runtime Environment...
Check:		SOFTWARE\JavaSoft\Java Runtime Environment\1.8
Check launcher:	C:\Program Files\Java\jre1.8.0_231\bin\javaw.exe (OK)
Match:		1.008.000
Check:		SOFTWARE\JavaSoft\Java Runtime Environment\1.8.0_231
Check launcher:	C:\Program Files\Java\jre1.8.0_231\bin\javaw.exe (OK)
Match:		1.008.000_231
64-bit search:	SOFTWARE\JavaSoft\Java Development Kit...
Check:		SOFTWARE\JavaSoft\Java Development Kit\1.8
Ignore:		1.008.000
Check:		SOFTWARE\JavaSoft\Java Development Kit\1.8.0_231
Ignore:		1.008.000_231
64-bit search:	SOFTWARE\JavaSoft\JRE...
64-bit search:	SOFTWARE\JavaSoft\JDK...
Check:		SOFTWARE\JavaSoft\JDK\12.0.1
Check launcher:	C:\Program Files\Java\jdk-12.0.1\bin\javaw.exe (OK)
Match:		1.012.000_001
Runtime used:	1.012.000_001 (64-bit)
Launcher:	C:\Program Files\Java\jdk-12.0.1\bin\javaw.exe
Launcher args:	-jar "E:\Documents\Semester 2\Java OOP\Project\TechnoSpace\dist\run.exe"
Args length:	72/32768 chars
Exit code:	0


Version:	3.12
CmdLine:	E:\Documents\Semester 2\Java OOP\Project\TechnoSpace\dist\run.exe --l4j-debug
WOW64:		yes
Working dir:	E:\Documents\Semester 2\Java OOP\Project\TechnoSpace\dist\.
Java min ver:	1.004.000
Java max ver:	
Bundled JRE:	C:\Program Files\Java\jdk1.8.0_231\bin
Check launcher:	C:\Program Files\Java\jdk1.8.0_231\bin\bin\javaw.exe (not found)
64-bit search:	SOFTWARE\JavaSoft\Java Runtime Environment...
Check:		SOFTWARE\JavaSoft\Java Runtime Environment\1.8
Check launcher:	C:\Program Files\Java\jre1.8.0_231\bin\javaw.exe (OK)
Match:		1.008.000
Check:		SOFTWARE\JavaSoft\Java Runtime Environment\1.8.0_231
Check launcher:	C:\Program Files\Java\jre1.8.0_231\bin\javaw.exe (OK)
Match:		1.008.000_231
64-bit search:	SOFTWARE\JavaSoft\Java Development Kit...
Check:		SOFTWARE\JavaSoft\Java Development Kit\1.8
Ignore:		1.008.000
Check:		SOFTWARE\JavaSoft\Java Development Kit\1.8.0_231
Ignore:		1.008.000_231
64-bit search:	SOFTWARE\JavaSoft\JRE...
64-bit search:	SOFTWARE\JavaSoft\JDK...
Check:		SOFTWARE\JavaSoft\JDK\12.0.1
Check launcher:	C:\Program Files\Java\jdk-12.0.1\bin\javaw.exe (OK)
Match:		1.012.000_001
Runtime used:	1.012.000_001 (64-bit)
Launcher:	C:\Program Files\Java\jdk-12.0.1\bin\javaw.exe
Launcher args:	-jar "E:\Documents\Semester 2\Java OOP\Project\TechnoSpace\dist\run.exe"
Args length:	72/32768 chars
Exit code:	0
